<?xml version="1.0" encoding="UTF-8"?>
<testsuite name="com.group.libraryapp.LibraryAppApplicationTests" tests="1" skipped="0" failures="0" errors="0" timestamp="2023-01-07T08:48:00" hostname="seyeolui-MacBookPro.local" time="0.002">
  <properties/>
  <testcase name="contextLoads()" classname="com.group.libraryapp.LibraryAppApplicationTests" time="0.002"/>
  <system-out><![CDATA[2023-01-07 17:48:00.373  INFO 93665 --- [    Test worker] .b.t.c.SpringBootTestContextBootstrapper : Neither @ContextConfiguration nor @ContextHierarchy found for test class [com.group.libraryapp.LibraryAppApplicationTests], using SpringBootContextLoader
2023-01-07 17:48:00.374  INFO 93665 --- [    Test worker] o.s.t.c.support.AbstractContextLoader    : Could not detect default resource locations for test class [com.group.libraryapp.LibraryAppApplicationTests]: no resource found for suffixes {-context.xml, Context.groovy}.
2023-01-07 17:48:00.374  INFO 93665 --- [    Test worker] t.c.s.AnnotationConfigContextLoaderUtils : Could not detect default configuration classes for test class [com.group.libraryapp.LibraryAppApplicationTests]: LibraryAppApplicationTests does not declare any static, non-private, non-final, nested classes annotated with @Configuration.
2023-01-07 17:48:00.376  INFO 93665 --- [    Test worker] .b.t.c.SpringBootTestContextBootstrapper : Found @SpringBootConfiguration com.group.libraryapp.LibraryAppApplication for test class com.group.libraryapp.LibraryAppApplicationTests
2023-01-07 17:48:00.376  INFO 93665 --- [    Test worker] .b.t.c.SpringBootTestContextBootstrapper : Loaded default TestExecutionListener class names from location [META-INF/spring.factories]: [org.springframework.boot.test.autoconfigure.restdocs.RestDocsTestExecutionListener, org.springframework.boot.test.autoconfigure.web.client.MockRestServiceServerResetTestExecutionListener, org.springframework.boot.test.autoconfigure.web.servlet.MockMvcPrintOnlyOnFailureTestExecutionListener, org.springframework.boot.test.autoconfigure.web.servlet.WebDriverTestExecutionListener, org.springframework.boot.test.autoconfigure.webservices.client.MockWebServiceServerTestExecutionListener, org.springframework.boot.test.mock.mockito.MockitoTestExecutionListener, org.springframework.boot.test.mock.mockito.ResetMocksTestExecutionListener, org.springframework.test.context.web.ServletTestExecutionListener, org.springframework.test.context.support.DirtiesContextBeforeModesTestExecutionListener, org.springframework.test.context.event.ApplicationEventsTestExecutionListener, org.springframework.test.context.support.DependencyInjectionTestExecutionListener, org.springframework.test.context.support.DirtiesContextTestExecutionListener, org.springframework.test.context.transaction.TransactionalTestExecutionListener, org.springframework.test.context.jdbc.SqlScriptsTestExecutionListener, org.springframework.test.context.event.EventPublishingTestExecutionListener]
2023-01-07 17:48:00.377  INFO 93665 --- [    Test worker] .b.t.c.SpringBootTestContextBootstrapper : Using TestExecutionListeners: [org.springframework.test.context.web.ServletTestExecutionListener@47f677a4, org.springframework.test.context.support.DirtiesContextBeforeModesTestExecutionListener@2472ba04, org.springframework.test.context.event.ApplicationEventsTestExecutionListener@1a0e5c0c, org.springframework.boot.test.mock.mockito.MockitoTestExecutionListener@5bb45afc, org.springframework.boot.test.autoconfigure.SpringBootDependencyInjectionTestExecutionListener@2f0b5d79, org.springframework.test.context.support.DirtiesContextTestExecutionListener@1e186006, org.springframework.test.context.transaction.TransactionalTestExecutionListener@761ea1f5, org.springframework.test.context.jdbc.SqlScriptsTestExecutionListener@f047670, org.springframework.test.context.event.EventPublishingTestExecutionListener@7a91027c, org.springframework.boot.test.autoconfigure.restdocs.RestDocsTestExecutionListener@27d44578, org.springframework.boot.test.autoconfigure.web.client.MockRestServiceServerResetTestExecutionListener@2446597e, org.springframework.boot.test.autoconfigure.web.servlet.MockMvcPrintOnlyOnFailureTestExecutionListener@8dd0c70, org.springframework.boot.test.autoconfigure.web.servlet.WebDriverTestExecutionListener@7aad7df5, org.springframework.boot.test.autoconfigure.webservices.client.MockWebServiceServerTestExecutionListener@7fd7085d, org.springframework.boot.test.mock.mockito.ResetMocksTestExecutionListener@69cc3370]
]]></system-out>
  <system-err><![CDATA[]]></system-err>
</testsuite>
