<?xml version="1.0" encoding="UTF-8"?>
<testsuite name="com.group.libraryapp.calculator.JUnitCalculatorTest" tests="5" skipped="0" failures="0" errors="0" timestamp="2023-01-10T08:28:26" hostname="seyeolui-MacBookPro.local" time="0.027">
  <properties/>
  <testcase name="divideTest()" classname="com.group.libraryapp.calculator.JUnitCalculatorTest" time="0.022"/>
  <testcase name="addTest()" classname="com.group.libraryapp.calculator.JUnitCalculatorTest" time="0.0"/>
  <testcase name="multiplyTest()" classname="com.group.libraryapp.calculator.JUnitCalculatorTest" time="0.0"/>
  <testcase name="divideExceptionTest()" classname="com.group.libraryapp.calculator.JUnitCalculatorTest" time="0.003"/>
  <testcase name="minusTest()" classname="com.group.libraryapp.calculator.JUnitCalculatorTest" time="0.0"/>
  <system-out><![CDATA[]]></system-out>
  <system-err><![CDATA[]]></system-err>
</testsuite>
